18:08:54 **** Incremental Build of configuration Debug for project 01-lab1 ****
make all 
Building file: ../main.c
Invoking: AVR Compiler
avr-gcc -Wall -g2 -gstabs -O0 -fpack-struct -fshort-enums -ffunction-sections -fdata-sections -std=gnu99 -funsigned-char -funsigned-bitfields -mmcu=atmega32 -DF_CPU=8000000UL -MMD -MP -MF"main.d" -MT"main.o" -c -o "main.o" "../main.c"
In file included from ../main.c:8:
g:/eman/study/imt/imt_sdk_win_64/imt_sdk_win_64/winavr/lib/gcc/../../avr/include/util/delay.h:90:3: warning: #warning "Compiler optimizations disabled; functions from <util/delay.h> won't work as designed"
Finished building: ../main.c
 
Building target: 01-lab1.elf
Invoking: AVR C Linker
avr-gcc -Wl,-Map,01-lab1.map -mmcu=atmega32 -o "01-lab1.elf"  ./main.o   
Finished building target: 01-lab1.elf
 
Invoking: AVR Create Extended Listing
avr-objdump -h -S 01-lab1.elf  >"01-lab1.lss"
Finished building: 01-lab1.lss
 
Create Flash image (ihex format)
avr-objcopy -R .eeprom -R .fuse -R .lock -R .signature -O ihex 01-lab1.elf  "01-lab1.hex"
Finished building: 01-lab1.hex
 
Invoking: Print Size
avr-size --format=avr --mcu=atmega32 01-lab1.elf
AVR Memory Usage
----------------
Device: atmega32

Program:    3536 bytes (10.8% Full)
(.text + .data + .bootloader)

Data:          8 bytes (0.4% Full)
(.data + .bss + .noinit)


Finished building: sizedummy
 

18:08:55 Build Finished (took 913ms)

