13:13:55 **** Incremental Build of configuration Debug for project 02-lab2 ****
make all 
Building file: ../main.c
Invoking: AVR Compiler
avr-gcc -Wall -g2 -gstabs -O0 -fpack-struct -fshort-enums -ffunction-sections -fdata-sections -std=gnu99 -funsigned-char -funsigned-bitfields -mmcu=atmega32 -DF_CPU=8000000UL -MMD -MP -MF"main.d" -MT"main.o" -c -o "main.o" "../main.c"
In file included from ../main.c:9:
g:/eman/study/imt/imt_sdk_win_64/imt_sdk_win_64/winavr/lib/gcc/../../avr/include/util/delay.h:90:3: warning: #warning "Compiler optimizations disabled; functions from <util/delay.h> won't work as designed"
../main.c: In function 'main':
../main.c:24: warning: array subscript has type 'char'
../main.c:27: warning: array subscript has type 'char'
Finished building: ../main.c
 
Building target: 02-lab2.elf
Invoking: AVR C Linker
avr-gcc -Wl,-Map,02-lab2.map -mmcu=atmega32 -o "02-lab2.elf"  ./main.o   
Finished building target: 02-lab2.elf
 
Invoking: AVR Create Extended Listing
avr-objdump -h -S 02-lab2.elf  >"02-lab2.lss"
Finished building: 02-lab2.lss
 
Create Flash image (ihex format)
avr-objcopy -R .eeprom -R .fuse -R .lock -R .signature -O ihex 02-lab2.elf  "02-lab2.hex"
Finished building: 02-lab2.hex
 
Invoking: Print Size
avr-size --format=avr --mcu=atmega32 02-lab2.elf
AVR Memory Usage
----------------
Device: atmega32

Program:    3748 bytes (11.4% Full)
(.text + .data + .bootloader)

Data:         18 bytes (0.9% Full)
(.data + .bss + .noinit)


Finished building: sizedummy
 

13:13:56 Build Finished (took 798ms)

