17:35:03 **** Incremental Build of configuration Debug for project FREERTOS ****
make all 
Building file: ../main.c
Invoking: AVR Compiler
avr-gcc -Wall -g2 -gstabs -O0 -fpack-struct -fshort-enums -ffunction-sections -fdata-sections -std=gnu99 -funsigned-char -funsigned-bitfields -mmcu=atmega32 -DF_CPU=8000000UL -MMD -MP -MF"main.d" -MT"main.o" -c -o "main.o" "../main.c"
Finished building: ../main.c
 
Building target: FREERTOS.elf
Invoking: AVR C Linker
avr-gcc -Wl,-Map,FREERTOS.map -mmcu=atmega32 -o "FREERTOS.elf"  ./DIO_pro.o ./croutine.o ./heap_1.o ./list.o ./main.o ./port.o ./queue.o ./tasks.o ./timers.o   
Finished building target: FREERTOS.elf
 
Invoking: AVR Create Extended Listing
avr-objdump -h -S FREERTOS.elf  >"FREERTOS.lss"
Finished building: FREERTOS.lss
 
Create Flash image (ihex format)
avr-objcopy -R .eeprom -R .fuse -R .lock -R .signature -O ihex FREERTOS.elf  "FREERTOS.hex"
Finished building: FREERTOS.hex
 
Invoking: Print Size
avr-size --format=avr --mcu=atmega32 FREERTOS.elf
AVR Memory Usage
----------------
Device: atmega32

Program:   11538 bytes (35.2% Full)
(.text + .data + .bootloader)

Data:        770 bytes (37.6% Full)
(.data + .bss + .noinit)


Finished building: sizedummy
 

17:35:04 Build Finished (took 864ms)

