16:55:05 **** Incremental Build of configuration Debug for project shecudular ****
make all 
Building file: ../SCH_prg.c
Invoking: AVR Compiler
avr-gcc -Wall -g2 -gstabs -O0 -fpack-struct -fshort-enums -ffunction-sections -fdata-sections -std=gnu99 -funsigned-char -funsigned-bitfields -mmcu=atmega32 -DF_CPU=8000000UL -MMD -MP -MF"SCH_prg.d" -MT"SCH_prg.o" -c -o "SCH_prg.o" "../SCH_prg.c"
Finished building: ../SCH_prg.c
 
Building target: shecudular.elf
Invoking: AVR C Linker
avr-gcc -Wl,-Map,shecudular.map -mmcu=atmega32 -o "shecudular.elf"  ./DIO_pro.o ./GIE_prg.o ./SCH_prg.o ./TIMER_prg.o ./main.o   
Finished building target: shecudular.elf
 
Invoking: AVR Create Extended Listing
avr-objdump -h -S shecudular.elf  >"shecudular.lss"
Finished building: shecudular.lss
 
Create Flash image (ihex format)
avr-objcopy -R .eeprom -R .fuse -R .lock -R .signature -O ihex shecudular.elf  "shecudular.hex"
Finished building: shecudular.hex
 
Invoking: Print Size
avr-size --format=avr --mcu=atmega32 shecudular.elf
AVR Memory Usage
----------------
Device: atmega32

Program:    2840 bytes (8.7% Full)
(.text + .data + .bootloader)

Data:         20 bytes (1.0% Full)
(.data + .bss + .noinit)


Finished building: sizedummy
 

16:55:06 Build Finished (took 1s.196ms)

